2009-12-18 04:11:57 	Listening on host localhost port 9090. Server started at  04:11:57 
2009-12-18 04:18:57 	Listening on host localhost port 9090. Server started at  04:18:57 
2009-12-18 04:19:29 	Listening on host localhost port 9090. Server started at  04:19:29 
2009-12-18 04:31:51 	Listening on host localhost port 9090. Server started at  04:31:51 
2009-12-18 04:33:44 	Listening on host localhost port 9090. Server started at  04:33:44 
2009-12-18 04:37:01 	Listening on host localhost port 9090. Server started at  04:37:01 
2009-12-18 04:44:11 	Listening on host localhost port 9090. Server started at  04:44:11 
2009-12-18 04:45:40 	Listening on host localhost port 9090. Server started at  04:45:40 
2009-12-18 04:47:04 	Listening on host localhost port 9090. Server started at  04:47:04 
2009-12-18 04:48:44 	Listening on host localhost port 9090. Server started at  04:48:44 
2009-12-18 04:49:16 	Listening on host localhost port 9090. Server started at  04:49:16 
2009-12-18 04:51:17 	Listening on host localhost port 9090. Server started at  04:51:17 
2009-12-18 04:52:46 	Listening on host localhost port 9090. Server started at  04:52:46 
2009-12-18 04:53:19 	Listening on host localhost port 9090. Server started at  04:53:19 
2009-12-18 04:53:36 	Listening on host localhost port 9090. Server started at  04:53:36 
2009-12-18 04:55:55 	Listening on host localhost port 9090. Server started at  04:55:55 
2009-12-18 04:57:21 	Listening on host localhost port 9090. Server started at  04:57:21 
2009-12-18 04:57:27 	User 54 login to the chat at  04:57:27 
2009-12-18 05:01:23 	Listening on host localhost port 9090. Server started at  05:01:23 
2009-12-18 05:01:32 	User rt login to the chat at  05:01:32 
2009-12-18 05:03:45 	Listening on host localhost port 9090. Server started at  05:03:45 
2009-12-18 05:04:42 	Listening on host localhost port 9090. Server started at  05:04:42 
2009-12-18 05:10:44 	Listening on host localhost port 9090. Server started at  05:10:44 
2009-12-18 05:11:02 	Listening on host localhost port 9090. Server started at  05:11:02 
2009-12-18 05:13:52 	Listening on host localhost port 9090. Server started at  05:13:52 
2009-12-18 05:24:04 	Listening on host localhost port 9090. Server started at  05:24:04 
2009-12-18 05:24:40 	Listening on host localhost port 9090. Server started at  05:24:40 
2009-12-18 05:24:45 	User 65 login to the chat at  05:24:45 
2009-12-18 05:27:31 	Listening on host localhost port 9090. Server started at  05:27:31 
2009-12-18 05:27:39 	User 5y login to the chat at  05:27:39 
2009-12-18 05:30:05 	Listening on host localhost port 9090. Server started at  05:30:05 
2009-12-18 05:30:12 	User ty login to the chat at  05:30:12 
2009-12-18 05:31:55 	Listening on host localhost port 9090. Server started at  05:31:55 
2009-12-18 05:32:01 	User 5555 login to the chat at  05:32:01 
2009-12-18 05:35:20 	User 5555 logout from the chat at  05:35:20 
2009-12-18 05:35:24 	User 5y login to the chat at  05:35:24 
2009-12-18 05:36:44 	User 5y logout from the chat at  05:36:44 
2009-12-18 05:36:58 	User 33333 login to the chat at  05:36:58 
2009-12-18 05:41:33 	Listening on host localhost port 9090. Server started at  05:41:33 
2009-12-18 05:41:52 	User 4 login to the chat at  05:41:52 
2009-12-18 05:42:42 	Listening on host localhost port 9090. Server started at  05:42:42 
2009-12-18 05:42:48 	User 345 login to the chat at  05:42:48 
2009-12-18 06:02:32 	User 345 logout from the chat at  06:02:32 
2009-12-18 06:02:36 	User dgh login to the chat at  06:02:36 
2009-12-18 06:09:23 	Listening on host localhost port 9090. Server started at  06:09:23 
2009-12-18 06:09:33 	User 22 login to the chat at  06:09:33 
2009-12-18 06:10:19 	Listening on host localhost port 9090. Server started at  06:10:19 
2009-12-18 06:10:27 	User 65 login to the chat at  06:10:27 
2009-12-18 06:11:52 	Listening on host localhost port 9090. Server started at  06:11:52 
2009-12-18 06:12:00 	User t34t3 login to the chat at  06:12:00 
2009-12-18 06:12:32 	Listening on host localhost port 9090. Server started at  06:12:32 
2009-12-18 06:12:40 	User 54 login to the chat at  06:12:40 
2009-12-18 06:19:21 	User 444 login to the chat at  06:19:21 
2009-12-18 06:21:00 	User 444 logout ,connection closed at  06:21:00 
2009-12-18 06:25:02 	Listening on host localhost port 9090. Server started at  06:25:02 
2009-12-18 06:25:09 	User re login to the chat at  06:25:09 
2009-12-18 06:30:12 	Listening on host localhost port 9090. Server started at  06:30:12 
2009-12-18 06:30:19 	User trrr login to the chat at  06:30:19 
2009-12-18 06:33:46 	User ccc login to the chat at  06:33:46 
2010-02-03 01:44:37 	Listening on host localhost port 9090. Server started at  01:44:37 
2010-02-03 01:46:14 	Listening on host localhost port 9091. Server started at  01:46:14 
2010-02-03 01:47:55 	Listening on host localhost port 9091. Server started at  01:47:55 
2010-02-03 01:48:57 	Listening on host localhost port 9091. Server started at  01:48:57 
2010-02-03 01:50:31 	Listening on host localhost port 9099. Server started at  01:50:31 
2010-02-03 02:00:17 	Listening on host localhost port 9099. Server started at  02:00:17 
2010-02-03 02:05:55 	Listening on host localhost port 9099. Server started at  02:05:55 
2010-02-03 02:07:22 	Listening on host localhost port 9099. Server started at  02:07:22 
2010-02-03 02:12:25 	Listening on host localhost port 9099. Server started at  02:12:25 
2010-02-03 02:13:14 	Listening on host localhost port 9099. Server started at  02:13:14 
2010-02-03 02:15:10 	Listening on host localhost port 9099. Server started at  02:15:10 
2010-02-03 02:25:59 	Listening on host localhost port 9099. Server started at  02:25:59 
2010-02-03 02:26:10 	User ff login to the chat at  02:26:10 
2010-02-03 02:26:22 	User ff logout from the chat at  02:26:22 
2010-02-03 02:35:24 	Listening on host localhost port 9099. Server started at  02:35:24 
2010-02-03 02:36:11 	Listening on host localhost port 9099. Server started at  02:36:11 
2010-02-03 02:36:15 	User 1 login to the chat at  02:36:15 
2010-02-03 02:36:50 	User vvv login to the chat at  02:36:50 
2010-02-03 02:38:00 	Listening on host localhost port 9099. Server started at  02:38:00 
2010-02-03 02:43:19 	Listening on host localhost port 9099. Server started at  02:43:19 
2010-02-03 02:44:13 	Listening on host localhost port 9099. Server started at  02:44:13 
2010-02-03 02:44:58 	Listening on host localhost port 9099. Server started at  02:44:58 
2010-02-03 02:45:32 	User gf login to the chat at  02:45:32 
2010-02-03 02:47:41 	Listening on host localhost port 9099. Server started at  02:47:41 
2010-02-03 02:48:04 	User gr login to the chat at  02:48:04 
2010-02-03 02:49:25 	User gr logout from the chat at  02:49:25 
2010-02-03 02:49:29 	User rrr login to the chat at  02:49:29 
2010-02-03 02:50:29 	Listening on host localhost port 9099. Server started at  02:50:29 
2010-02-03 02:52:22 	Listening on host localhost port 9099. Server started at  02:52:22 
2010-02-03 02:55:43 	User nh login to the chat at  02:55:43 
2010-02-03 02:56:26 	Listening on host localhost port 9099. Server started at  02:56:26 
2010-02-03 02:57:10 	Listening on host localhost port 9099. Server started at  02:57:10 
2010-02-03 02:57:17 	User nt login to the chat at  02:57:17 
2010-02-03 02:58:42 	Listening on host localhost port 9099. Server started at  02:58:42 
2010-02-03 03:25:49 	Listening on host localhost port 9099. Server started at  03:25:49 
2010-02-03 03:26:33 	Listening on host localhost port 9099. Server started at  03:26:33 
2010-02-03 03:28:03 	Listening on host localhost port 9099. Server started at  03:28:03 
2010-02-03 03:28:16 	User bf login to the chat at  03:28:16 
2010-02-03 03:29:08 	Listening on host localhost port 9099. Server started at  03:29:08 
2010-02-03 03:29:27 	User gg login to the chat at  03:29:27 
2010-02-03 03:30:04 	Listening on host localhost port 9099. Server started at  03:30:04 
2010-02-03 03:30:18 	User 4g login to the chat at  03:30:18 
2010-02-03 03:31:36 	Listening on host localhost port 9099. Server started at  03:31:36 
2010-02-03 03:31:39 	User hh login to the chat at  03:31:39 
2010-02-03 03:32:57 	User hh logout from the chat at  03:32:57 
2010-02-03 03:33:01 	Listening on host localhost port 9099. Server started at  03:33:01 
2010-02-03 03:33:31 	User reg login to the chat at  03:33:31 
2010-02-03 03:35:03 	Listening on host localhost port 9099. Server started at  03:35:03 
2010-02-03 03:35:38 	Listening on host localhost port 9099. Server started at  03:35:38 
2010-02-03 03:35:41 	User nn login to the chat at  03:35:41 
2010-02-03 03:37:20 	User nn logout from the chat at  03:37:20 
2010-02-03 03:37:24 	User bvc login to the chat at  03:37:24 
2010-02-03 03:37:28 	User bvc logout from the chat at  03:37:28 
2010-02-03 03:37:48 	Listening on host localhost port 9099. Server started at  03:37:48 
2010-02-03 03:38:04 	User 12 login to the chat at  03:38:04 
2010-02-03 03:38:56 	User 12 logout from the chat at  03:38:56 
2010-02-03 03:39:02 	User 34g login to the chat at  03:39:02 
2010-02-03 03:39:22 	User 34g logout from the chat at  03:39:22 
2010-02-03 03:39:35 	User 1 login to the chat at  03:39:35 
2010-02-03 03:40:55 	Listening on host localhost port 9099. Server started at  03:40:55 
2010-02-03 03:41:24 	User n login to the chat at  03:41:24 
2010-02-03 04:04:44 	User n logout from the chat at  04:04:44 
2010-02-03 04:05:20 	Listening on host localhost port 9099. Server started at  04:05:20 
2010-02-03 04:05:29 	User gg login to the chat at  04:05:29 
2010-02-03 04:06:18 	User gg logout from the chat at  04:06:18 
2010-02-03 04:06:23 	User rr login to the chat at  04:06:23 
2010-02-03 04:06:47 	User rr logout from the chat at  04:06:47 
2010-02-03 04:07:09 	Listening on host localhost port 9099. Server started at  04:07:09 
2010-02-03 04:07:13 	User fe login to the chat at  04:07:13 
2010-02-03 04:08:38 	User fe logout from the chat at  04:08:38 
2010-02-03 04:08:43 	User rg login to the chat at  04:08:43 
2010-02-03 04:10:15 	User rg logout from the chat at  04:10:15 
2010-02-03 04:10:20 	User rg login to the chat at  04:10:20 
2010-02-03 04:10:54 	Listening on host localhost port 9099. Server started at  04:10:54 
2010-02-03 04:11:02 	User bv login to the chat at  04:11:02 
2010-02-03 04:13:07 	User bv logout from the chat at  04:13:07 
2010-02-03 04:13:14 	User dfg login to the chat at  04:13:14 
2010-02-03 04:14:08 	Listening on host localhost port 9099. Server started at  04:14:08 
2010-02-03 04:14:18 	User bt login to the chat at  04:14:18 
2010-02-03 04:14:42 	User bt logout from the chat at  04:14:42 
2010-02-03 04:14:46 	User bg login to the chat at  04:14:46 
2010-02-03 04:15:11 	Listening on host localhost port 9099. Server started at  04:15:11 
2010-02-03 04:15:20 	User rtn login to the chat at  04:15:20 
2010-02-03 04:18:03 	User gr login to the chat at  04:18:03 
2010-02-03 04:22:57 	User gr logout from the chat at  04:22:57 
2010-02-03 04:23:02 	User gr login to the chat at  04:23:02 
2010-02-03 04:23:42 	User gr logout from the chat at  04:23:42 
2010-02-03 04:23:46 	User g login to the chat at  04:23:46 
2010-02-03 04:25:48 	Listening on host localhost port 9099. Server started at  04:25:48 
2010-02-03 04:25:59 	User bg login to the chat at  04:25:59 
2010-02-03 04:26:44 	User gg login to the chat at  04:26:44 
2010-02-03 04:27:28 	User bg logout from the chat at  04:27:28 
2010-02-03 04:27:32 	User th login to the chat at  04:27:32 
2010-02-03 04:27:37 	User gg logout from the chat at  04:27:37 
2010-02-03 04:27:41 	User u6 login to the chat at  04:27:41 
2010-02-03 04:29:57 	User th logout from the chat at  04:29:57 
2010-02-03 04:30:01 	User rrr login to the chat at  04:30:01 
2010-02-03 04:30:05 	User u6 logout from the chat at  04:30:05 
2010-02-03 04:30:11 	User 45 login to the chat at  04:30:11 
2010-02-03 04:36:22 	User 45 logout from the chat at  04:36:22 
2010-02-03 04:36:26 	User ju login to the chat at  04:36:26 
2010-02-03 04:39:37 	User ju logout from the chat at  04:39:37 
2010-02-03 04:39:44 	User r6y login to the chat at  04:39:44 
2010-02-03 04:40:41 	User r6y logout from the chat at  04:40:41 
2010-02-03 04:40:45 	User 4g login to the chat at  04:40:45 
2010-02-03 04:42:55 	User 4g logout from the chat at  04:42:55 
2010-02-03 04:43:00 	User ntttt login to the chat at  04:43:00 
2010-02-03 04:43:44 	User ntttt logout from the chat at  04:43:44 
2010-02-03 04:43:48 	User rr login to the chat at  04:43:48 
2010-02-03 04:44:06 	User rrr logout from the chat at  04:44:06 
2010-02-03 04:44:09 	User gg login to the chat at  04:44:09 
2010-02-03 04:50:14 	User rr logout from the chat at  04:50:14 
2010-02-03 04:50:18 	User bg login to the chat at  04:50:18 
2010-02-03 04:50:40 	Listening on host localhost port 9099. Server started at  04:50:40 
2010-02-03 04:50:50 	User 44 login to the chat at  04:50:50 
2010-02-03 04:51:29 	User 5 login to the chat at  04:51:29 
2010-02-03 05:03:12 	User 5 logout from the chat at  05:03:12 
2010-02-03 05:03:16 	User gr login to the chat at  05:03:16 
2010-02-03 05:04:14 	User 44 logout from the chat at  05:04:14 
2010-02-03 05:04:19 	User nb login to the chat at  05:04:19 
2010-02-03 05:04:48 	User nb logout from the chat at  05:04:48 
2010-02-03 05:06:48 	User gr logout ,connection closed at  05:06:48 
2010-02-03 05:07:24 	User 5 login to the chat at  05:07:24 
2010-02-03 05:08:39 	User 5 logout from the chat at  05:08:39 
2010-02-03 05:08:43 	User hrt login to the chat at  05:08:43 
2010-02-03 05:09:52 	User hrt logout from the chat at  05:09:52 
2010-02-03 05:09:56 	User rrr login to the chat at  05:09:56 
2010-02-03 05:12:35 	User rrr logout from the chat at  05:12:35 
2010-02-03 05:12:39 	User r login to the chat at  05:12:39 
2010-02-03 05:13:12 	User r logout from the chat at  05:13:12 
2010-02-03 05:13:15 	User 43 login to the chat at  05:13:15 
2010-02-03 05:14:10 	User 43 logout from the chat at  05:14:10 
2010-02-03 05:14:13 	User w45h login to the chat at  05:14:13 
2010-02-03 05:15:04 	User w45h logout from the chat at  05:15:04 
2010-02-03 05:15:17 	User g login to the chat at  05:15:17 
2010-02-03 05:16:47 	User g logout from the chat at  05:16:47 
2010-02-03 05:16:51 	User gr login to the chat at  05:16:51 
2010-02-03 05:17:10 	User gr logout from the chat at  05:17:10 
2010-02-03 05:17:14 	User gr login to the chat at  05:17:14 
2010-02-03 05:18:22 	Listening on host localhost port 9099. Server started at  05:18:22 
2010-02-03 05:18:31 	User h login to the chat at  05:18:31 
2010-02-03 05:19:24 	User h logout from the chat at  05:19:24 
2010-02-03 05:19:37 	User nty login to the chat at  05:19:37 
2010-02-03 05:21:32 	User nty logout from the chat at  05:21:32 
2010-02-03 05:21:36 	User 4g login to the chat at  05:21:36 
2010-02-03 05:30:38 	Listening on host localhost port 9099. Server started at  05:30:38 
2010-02-03 05:30:48 	User h5 login to the chat at  05:30:48 
2010-02-03 05:33:01 	User h5 logout from the chat at  05:33:01 
2010-02-03 05:33:04 	User h5 login to the chat at  05:33:04 
2010-02-03 05:34:28 	User h5 logout from the chat at  05:34:28 
2010-02-03 05:34:32 	User h5 login to the chat at  05:34:32 
2010-02-03 05:35:48 	User h5 logout from the chat at  05:35:48 
2010-02-03 05:35:52 	User 5g login to the chat at  05:35:52 
2010-02-03 05:37:39 	User 5g logout from the chat at  05:37:39 
2010-02-03 05:37:43 	User h5 login to the chat at  05:37:43 
2010-02-03 06:02:34 	User h5 logout from the chat at  06:02:34 
2010-02-03 06:02:38 	User rg login to the chat at  06:02:38 
2010-02-03 06:39:42 	User rg logout from the chat at  06:39:42 
2010-02-03 06:39:47 	User gr login to the chat at  06:39:47 
2010-02-03 06:41:15 	User gr logout from the chat at  06:41:15 
2010-02-03 06:41:27 	User yrty login to the chat at  06:41:27 
2010-02-03 06:43:41 	User yrty logout from the chat at  06:43:41 
2010-02-03 06:43:45 	User ger login to the chat at  06:43:45 
2010-02-03 06:45:41 	User ger logout from the chat at  06:45:41 
2010-02-03 06:45:45 	User bgf login to the chat at  06:45:45 
2010-02-03 06:47:16 	User bgf logout from the chat at  06:47:16 
2010-02-03 06:47:20 	User gr login to the chat at  06:47:20 
2010-02-03 06:50:53 	User gr logout from the chat at  06:50:53 
2010-02-03 06:50:57 	User y5 login to the chat at  06:50:57 
2010-02-03 06:52:46 	User y5 logout from the chat at  06:52:46 
2010-02-03 06:53:24 	User 3f login to the chat at  06:53:24 
2010-02-03 07:02:58 	User 3f logout from the chat at  07:02:58 
2010-02-03 07:03:47 	User feee login to the chat at  07:03:47 
2010-02-03 07:06:07 	User feee logout from the chat at  07:06:07 
2010-02-03 07:06:11 	User nfg login to the chat at  07:06:11 
2010-02-03 07:08:49 	Listening on host localhost port 9099. Server started at  07:08:49 
2010-02-03 07:09:18 	User ww login to the chat at  07:09:18 
2010-02-03 07:09:53 	User bff login to the chat at  07:09:53 
2010-02-03 07:17:46 	User ww logout from the chat at  07:17:46 
2010-02-03 07:17:51 	User gree login to the chat at  07:17:51 
2010-02-03 07:20:06 	User bff logout from the chat at  07:20:06 
2010-02-03 07:20:11 	User gg login to the chat at  07:20:11 
2010-02-03 07:23:35 	User gg logout from the chat at  07:23:35 
2010-02-03 07:23:40 	User n4 login to the chat at  07:23:40 
2010-02-03 07:38:03 	Listening on host localhost port 9099. Server started at  07:38:03 
2010-02-03 07:40:05 	User rrr login to the chat at  07:40:05 
2010-02-03 07:40:35 	User 43 login to the chat at  07:40:35 
2010-02-03 07:44:05 	Listening on host localhost port 9099. Server started at  07:44:05 
2010-02-03 07:44:13 	User 54 login to the chat at  07:44:13 
2010-02-03 07:45:29 	User 33 login to the chat at  07:45:29 
2010-02-03 07:55:05 	User 33 logout from the chat at  07:55:05 
2010-02-03 07:55:17 	User 44 login to the chat at  07:55:17 
2010-02-03 07:56:34 	Listening on host localhost port 9099. Server started at  07:56:34 
2010-02-03 07:56:43 	User www login to the chat at  07:56:43 
2010-02-03 07:56:56 	User 3444 login to the chat at  07:56:56 
2010-02-03 08:06:06 	User www logout from the chat at  08:06:06 
2010-02-03 08:06:11 	User erg login to the chat at  08:06:11 
2010-02-03 08:07:33 	User erg logout from the chat at  08:07:33 
2010-02-03 08:07:37 	User 4 login to the chat at  08:07:37 
2010-02-03 08:12:47 	User 4 logout from the chat at  08:12:47 
2010-02-03 08:12:51 	User erg login to the chat at  08:12:51 
2010-02-03 08:17:56 	User erg logout from the chat at  08:17:56 
2010-02-03 08:18:00 	User erg login to the chat at  08:18:00 
2010-02-03 08:21:12 	User erg logout from the chat at  08:21:12 
2010-02-03 08:21:16 	User rge login to the chat at  08:21:16 
2010-02-03 08:21:20 	User rge logout from the chat at  08:21:20 
2010-02-03 08:21:28 	User 3444 logout from the chat at  08:21:28 
2010-02-03 08:21:32 	User gg login to the chat at  08:21:32 
2010-02-03 08:22:50 	User gg logout from the chat at  08:22:50 
2010-02-03 08:22:54 	User gre login to the chat at  08:22:54 
2010-02-03 08:22:57 	User gre logout from the chat at  08:22:57 
2010-02-03 08:23:14 	User 4g login to the chat at  08:23:14 
2010-02-03 08:25:14 	User 4g logout from the chat at  08:25:14 
2010-02-03 08:25:17 	User 34g login to the chat at  08:25:17 
2010-02-03 08:25:20 	User 34g logout from the chat at  08:25:20 
2010-02-03 08:25:27 	Listening on host localhost port 9099. Server started at  08:25:27 
2010-02-03 08:25:31 	User 45 login to the chat at  08:25:31 
2010-02-03 08:25:36 	User 45 logout from the chat at  08:25:36 
2010-02-03 08:25:40 	User gere login to the chat at  08:25:40 
2010-02-03 08:25:44 	User gere logout from the chat at  08:25:44 
2010-02-14 12:38:49 	Listening on host localhost port 9099. Server started at  12:38:49 
2010-02-14 13:06:21 	Listening on host localhost port 9099. Server started at  13:06:21 
2010-02-14 13:07:04 	Listening on host localhost port 9099. Server started at  13:07:04 
2010-02-14 13:07:45 	Listening on host localhost port 9099. Server started at  13:07:45 
2010-02-14 13:09:52 	Listening on host localhost port 9099. Server started at  13:09:52 
2010-02-14 13:14:21 	User gf login to the chat at  13:14:21 
2010-02-14 13:15:56 	User gf logout from the chat at  13:15:56 
2010-02-14 13:17:35 	Listening on host localhost port 9099. Server started at  13:17:35 
2010-02-14 13:19:13 	Listening on host localhost port 9099. Server started at  13:19:13 
2010-02-14 13:20:14 	User gb login to the chat at  13:20:14 
2010-02-14 13:20:38 	User gb logout from the chat at  13:20:38 
2010-02-14 13:21:32 	User 45 login to the chat at  13:21:32 
2010-02-14 13:21:58 	User 45 logout from the chat at  13:21:58 
2010-02-14 13:32:25 	Listening on host localhost port 9099. Server started at  13:32:25 
2010-02-14 13:37:07 	Listening on host localhost port 9099. Server started at  13:37:07 
2010-02-14 13:37:58 	Listening on host localhost port 9099. Server started at  13:37:58 
2010-02-14 13:45:07 	Listening on host localhost port 9099. Server started at  13:45:07 
2010-02-14 13:45:22 	User ht login to the chat at  13:45:22 
2010-02-14 13:48:04 	Listening on host localhost port 9099. Server started at  13:48:04 
2010-02-14 13:48:43 	Listening on host localhost port 9099. Server started at  13:48:43 
2010-02-14 13:50:29 	Listening on host localhost port 9099. Server started at  13:50:29 
2010-02-14 13:50:30 	User 54 login to the chat at  13:50:30 
2010-02-14 13:53:24 	Listening on host localhost port 9099. Server started at  13:53:24 
2010-02-14 13:53:32 	User y4 login to the chat at  13:53:32 
2010-02-14 13:53:47 	Listening on host localhost port 9099. Server started at  13:53:47 
2010-02-14 13:53:58 	User e login to the chat at  13:53:58 
2010-02-14 13:54:45 	Listening on host localhost port 9099. Server started at  13:54:45 
2010-02-14 13:54:52 	User erg login to the chat at  13:54:52 
2010-02-14 13:56:26 	Listening on host localhost port 9099. Server started at  13:56:26 
2010-02-14 13:56:33 	User n34 login to the chat at  13:56:33 
2010-02-14 13:56:42 	Listening on host localhost port 9099. Server started at  13:56:42 
2010-02-14 13:56:51 	User ht login to the chat at  13:56:51 
2010-02-14 14:00:32 	Listening on host localhost port 9099. Server started at  14:00:32 
2010-02-14 14:01:10 	Listening on host localhost port 9099. Server started at  14:01:10 
2010-02-14 14:01:16 	User t5 login to the chat at  14:01:16 
2010-02-14 14:02:26 	Listening on host localhost port 9099. Server started at  14:02:26 
2010-02-14 14:02:40 	User 5 login to the chat at  14:02:40 
2010-02-14 14:05:21 	Listening on host localhost port 9099. Server started at  14:05:21 
2010-02-14 14:07:38 	Listening on host localhost port 9099. Server started at  14:07:38 
2010-02-14 14:07:45 	User g login to the chat at  14:07:45 
2010-02-14 14:07:51 	User g logout from the chat at  14:07:51 
2010-02-14 14:12:39 	Listening on host localhost port 9099. Server started at  14:12:39 
2010-02-14 14:14:22 	Listening on host localhost port 9099. Server started at  14:14:22 
2010-02-14 14:15:28 	Listening on host localhost port 9099. Server started at  14:15:28 
2010-02-14 14:18:40 	Listening on host localhost port 9099. Server started at  14:18:40 
2010-02-14 14:18:46 	User asd login to the chat at  14:18:46 
2010-02-14 14:21:23 	Listening on host localhost port 9099. Server started at  14:21:23 
2010-02-14 14:22:22 	Listening on host localhost port 9099. Server started at  14:22:22 
2010-02-14 14:24:06 	Listening on host localhost port 9099. Server started at  14:24:06 
2010-02-14 14:25:38 	Listening on host localhost port 9099. Server started at  14:25:38 
2010-02-14 14:26:26 	Listening on host localhost port 9099. Server started at  14:26:26 
2010-02-14 14:31:17 	Listening on host localhost port 9099. Server started at  14:31:17 
2010-02-14 14:31:56 	Listening on host localhost port 9099. Server started at  14:31:56 
2010-02-14 14:32:27 	Listening on host localhost port 9099. Server started at  14:32:27 
2010-02-14 14:33:03 	Listening on host localhost port 9099. Server started at  14:33:03 
2010-02-14 14:33:30 	Listening on host localhost port 9099. Server started at  14:33:30 
2010-02-14 14:49:42 	Listening on host localhost port 9099. Server started at  14:49:42 
2010-02-14 14:50:02 	User gr login to the chat at  14:50:02 
2010-02-14 14:59:04 	Listening on host localhost port 9099. Server started at  14:59:04 
2010-02-14 14:59:44 	Listening on host localhost port 9099. Server started at  14:59:44 
2010-02-14 15:00:59 	Listening on host localhost port 9099. Server started at  15:00:59 
2010-02-14 15:02:09 	Listening on host localhost port 9099. Server started at  15:02:09 
2010-02-14 15:02:46 	Listening on host localhost port 9099. Server started at  15:02:46 
2010-02-14 15:04:27 	Listening on host localhost port 9099. Server started at  15:04:27 
2010-02-14 15:05:19 	Listening on host localhost port 9099. Server started at  15:05:19 
2010-02-14 15:05:26 	User root login to the chat at  15:05:26 
2010-02-14 15:07:08 	Listening on host localhost port 9099. Server started at  15:07:08 
2010-02-14 15:07:15 	User root login to the chat at  15:07:15 
2010-02-14 15:08:33 	User 3 login to the chat at  15:08:33 
2010-02-14 15:09:27 	User 3 logout from the chat at  15:09:27 
2010-02-14 15:09:32 	User root logout from the chat at  15:09:32 
2010-02-14 16:24:53 	Listening on host localhost port 9099. Server started at  16:24:53 
2010-02-14 16:25:00 	User root login to the chat at  16:25:00 
2010-02-14 16:25:34 	User root3 login to the chat at  16:25:34 
2010-02-14 16:49:54 	Listening on host localhost port 9099. Server started at  16:49:54 
2010-02-14 16:50:06 	User root login to the chat at  16:50:06 
2010-02-14 16:51:14 	User root3 login to the chat at  16:51:14 
2010-02-14 16:57:34 	User 34 login to the chat at  16:57:34 
2010-02-14 16:57:55 	User root3 logout from the chat at  16:57:55 
2010-02-14 17:01:51 	Listening on host localhost port 9099. Server started at  17:01:51 
2010-02-14 17:03:47 	Listening on host localhost port 9099. Server started at  17:03:47 
2010-02-14 17:03:57 	User k login to the chat at  17:03:57 
2010-02-14 17:05:03 	Listening on host localhost port 9099. Server started at  17:05:03 
2010-02-14 17:05:35 	Listening on host localhost port 9099. Server started at  17:05:35 
2010-02-14 17:05:42 	User root login to the chat at  17:05:42 
2010-02-14 17:06:24 	Listening on host localhost port 9099. Server started at  17:06:24 
2010-02-14 17:06:51 	User root login to the chat at  17:06:51 
2010-02-14 17:09:13 	Listening on host localhost port 9099. Server started at  17:09:13 
2010-02-14 17:09:18 	User root login to the chat at  17:09:18 
2010-02-14 17:10:00 	User reeeeee login to the chat at  17:10:00 
2010-02-14 17:12:36 	Listening on host localhost port 9099. Server started at  17:12:36 
2010-02-14 17:13:07 	Listening on host localhost port 9099. Server started at  17:13:07 
2010-02-14 17:13:15 	User root login to the chat at  17:13:15 
2010-02-14 17:14:00 	User reeeeee login to the chat at  17:14:00 
2010-02-14 17:23:44 	User root logout from the chat at  17:23:44 
2010-02-14 17:23:48 	User root login to the chat at  17:23:48 
2010-02-14 17:23:52 	User reeeeee logout from the chat at  17:23:52 
2010-02-14 17:24:51 	User 232323232323232 login to the chat at  17:24:51 
2010-02-14 17:32:20 	Listening on host localhost port 9099. Server started at  17:32:20 
2010-02-14 17:40:33 	Listening on host localhost port 9099. Server started at  17:40:33 
2010-02-14 17:42:37 	Listening on host localhost port 9099. Server started at  17:42:37 
2010-02-14 17:42:46 	User root login to the chat at  17:42:46 
2010-02-14 17:46:54 	User root logout from the chat at  17:46:54 
2010-02-14 17:47:21 	User root login to the chat at  17:47:21 
2010-02-14 17:47:33 	User root logout from the chat at  17:47:33 
2010-02-14 17:47:51 	User root login to the chat at  17:47:51 
2010-02-14 17:48:00 	User root logout from the chat at  17:48:00 
2010-02-14 17:48:13 	User root login to the chat at  17:48:13 
2010-02-14 17:49:01 	Listening on host localhost port 9099. Server started at  17:49:01 
2010-02-14 17:49:47 	User root login to the chat at  17:49:47 
2010-02-14 17:49:58 	Listening on host localhost port 9099. Server started at  17:49:58 
2010-02-14 17:50:06 	User root login to the chat at  17:50:06 
2010-02-14 17:52:35 	User 5 login to the chat at  17:52:35 
2010-02-14 17:56:05 	User 5 logout from the chat at  17:56:05 
2010-02-14 17:56:09 	User 5 login to the chat at  17:56:09 
2010-02-14 17:56:14 	User root logout from the chat at  17:56:14 
2010-02-14 17:56:17 	User root login to the chat at  17:56:17 
2010-02-14 17:56:23 	User 5 logout from the chat at  17:56:23 
2010-02-14 17:56:28 	User f32 login to the chat at  17:56:28 
2010-02-14 17:56:35 	User root logout from the chat at  17:56:35 
2010-02-14 20:33:43 	Listening on host localhost port 9099. Server started at  20:33:43 
2010-02-14 20:35:22 	User 54 login to the chat at  20:35:22 
2010-02-14 20:38:30 	Listening on host localhost port 9099. Server started at  20:38:30 
2010-02-14 20:39:07 	User h login to the chat at  20:39:07 
2010-02-14 20:41:44 	User h logout from the chat at  20:41:44 
2010-02-14 20:41:52 	User 55 login to the chat at  20:41:52 
2010-02-14 20:42:31 	User 55 logout from the chat at  20:42:31 
2010-02-14 20:42:36 	User 44 login to the chat at  20:42:36 
2010-02-14 20:43:39 	User 44 logout from the chat at  20:43:39 
2010-02-14 20:43:43 	User 34t login to the chat at  20:43:43 
2010-02-14 20:46:59 	User 34t logout from the chat at  20:46:59 
2010-02-14 20:47:06 	User 55 login to the chat at  20:47:06 
2010-02-14 20:49:11 	User 55 logout from the chat at  20:49:11 
2010-02-14 20:49:17 	User 31 login to the chat at  20:49:17 
2010-02-14 20:49:50 	Listening on host localhost port 9099. Server started at  20:49:50 
2010-02-14 20:49:58 	User 4 login to the chat at  20:49:58 
2010-02-14 20:51:41 	Listening on host localhost port 9099. Server started at  20:51:41 
2010-02-14 20:51:48 	User j login to the chat at  20:51:48 
2010-02-14 20:54:19 	Listening on host localhost port 9099. Server started at  20:54:19 
2010-02-14 20:54:24 	User bc login to the chat at  20:54:24 
2010-02-14 20:56:53 	Listening on host localhost port 9099. Server started at  20:56:53 
2010-02-14 20:56:59 	User l9 login to the chat at  20:56:59 
2010-02-14 20:57:30 	User l9 logout from the chat at  20:57:30 
2010-02-14 20:57:36 	User gg login to the chat at  20:57:36 
2010-02-14 20:59:19 	Listening on host localhost port 9099. Server started at  20:59:19 
2010-02-14 20:59:25 	User 4t login to the chat at  20:59:25 
2010-02-14 20:59:50 	User 4t logout from the chat at  20:59:50 
2010-02-14 20:59:56 	User 444 login to the chat at  20:59:56 
2010-02-14 21:01:36 	User 444 logout from the chat at  21:01:36 
2010-02-14 21:01:42 	User hrthrt login to the chat at  21:01:42 
2010-02-14 21:02:49 	Listening on host localhost port 9099. Server started at  21:02:49 
2010-02-14 21:02:56 	User 43ea login to the chat at  21:02:56 
2010-02-14 21:04:02 	User 43ea logout from the chat at  21:04:02 
2010-02-14 21:04:06 	User j56 login to the chat at  21:04:06 
2010-02-14 21:05:05 	User j56 logout from the chat at  21:05:05 
2010-02-14 21:05:45 	User f login to the chat at  21:05:45 
2010-02-14 21:06:43 	User f logout from the chat at  21:06:43 
2010-02-14 21:06:48 	User fghhh login to the chat at  21:06:48 
2010-02-14 21:08:39 	User fghhh logout from the chat at  21:08:39 
2010-02-14 21:08:44 	User 45 login to the chat at  21:08:44 
2010-02-14 21:09:31 	User 45 logout from the chat at  21:09:31 
2010-02-14 21:09:35 	User 55 login to the chat at  21:09:35 
2010-02-14 21:10:08 	User 55 logout from the chat at  21:10:08 
2010-02-14 21:10:13 	User ,5 login to the chat at  21:10:13 
2010-02-14 21:11:57 	Listening on host localhost port 9099. Server started at  21:11:57 
2010-02-14 21:12:04 	User 11 login to the chat at  21:12:04 
2010-02-14 21:13:11 	User 11 logout from the chat at  21:13:11 
2010-02-14 21:13:16 	User e login to the chat at  21:13:16 
2010-02-14 21:14:43 	Listening on host localhost port 9099. Server started at  21:14:43 
2010-02-14 21:14:49 	User ,36 login to the chat at  21:14:49 
2010-02-14 21:17:02 	Listening on host localhost port 9099. Server started at  21:17:02 
2010-02-14 21:17:08 	User 456 login to the chat at  21:17:08 
2010-02-14 21:18:03 	Listening on host localhost port 9099. Server started at  21:18:03 
2010-02-14 21:18:26 	User 3 login to the chat at  21:18:26 
2010-02-14 21:20:36 	User 3 logout from the chat at  21:20:36 
2010-02-14 21:20:41 	User a login to the chat at  21:20:41 
2010-02-14 21:21:00 	Listening on host localhost port 9099. Server started at  21:21:00 
2010-02-14 21:21:07 	User j34 login to the chat at  21:21:07 
2010-02-14 21:21:38 	User 5 login to the chat at  21:21:38 
2010-02-14 21:22:48 	User 5 logout from the chat at  21:22:48 
2010-02-14 21:22:56 	User eee login to the chat at  21:22:56 
2010-02-14 21:23:06 	User 333 login to the chat at  21:23:06 
2010-02-14 21:25:02 	User 6456 login to the chat at  21:25:02 
2010-02-14 21:27:37 	User 333 logout from the chat at  21:27:37 
2010-02-14 21:27:45 	User 3 login to the chat at  21:27:45 
2010-02-14 21:28:38 	User 6456 logout from the chat at  21:28:38 
2010-02-14 21:29:21 	User eee logout from the chat at  21:29:21 
2010-02-14 21:29:22 	User 3 logout from the chat at  21:29:22 
2010-02-14 21:29:26 	User j34 logout from the chat at  21:29:26 
2010-02-14 21:29:29 	User 1 login to the chat at  21:29:29 
2010-02-14 21:29:35 	User 2 login to the chat at  21:29:35 
2010-02-14 21:30:05 	User n login to the chat at  21:30:05 
2010-02-14 21:30:28 	User 4 login to the chat at  21:30:28 
2010-02-14 21:31:02 	User 6 login to the chat at  21:31:02 
2010-02-14 21:31:12 	User 6 logout from the chat at  21:31:12 
2010-02-14 21:31:22 	User 45 login to the chat at  21:31:22 
2010-02-15 16:49:30 	Listening on host localhost port 9099. Server started at  16:49:30 
2010-02-15 16:49:39 	User root login to the chat at  16:49:39 
2010-02-15 16:52:48 	User root logout from the chat at  16:52:48 
2010-02-15 16:52:51 	User root login to the chat at  16:52:51 
2010-02-15 16:54:37 	User root logout from the chat at  16:54:37 
2010-02-15 16:54:41 	User root login to the chat at  16:54:41 
2010-02-15 16:55:02 	User root logout from the chat at  16:55:02 
2010-02-15 16:55:05 	User root login to the chat at  16:55:05 
2010-02-15 16:56:20 	User root logout from the chat at  16:56:20 
2010-02-15 16:56:23 	User root login to the chat at  16:56:23 
2010-02-15 16:57:38 	User root logout from the chat at  16:57:38 
2010-02-15 16:57:41 	User root login to the chat at  16:57:41 
2010-02-15 16:58:29 	User root logout from the chat at  16:58:29 
2010-02-15 16:58:32 	User root login to the chat at  16:58:32 
2010-02-15 16:59:29 	Listening on host localhost port 9099. Server started at  16:59:29 
2010-02-15 16:59:36 	User root login to the chat at  16:59:36 
2010-02-15 17:02:35 	Listening on host localhost port 9099. Server started at  17:02:35 
2010-02-15 17:02:42 	User root login to the chat at  17:02:42 
2010-02-15 17:04:06 	User root logout from the chat at  17:04:06 
2010-02-15 17:04:12 	User fff login to the chat at  17:04:12 
2010-02-15 17:04:27 	User root login to the chat at  17:04:27 
2010-02-15 17:06:15 	User 33 login to the chat at  17:06:15 
2010-02-15 18:37:45 	Listening on host localhost port 9099. Server started at  18:37:45 
2010-02-15 18:37:48 	User 3 login to the chat at  18:37:48 
2010-02-15 18:45:46 	Listening on host localhost port 9099. Server started at  18:45:46 
2010-02-15 18:45:58 	User fe login to the chat at  18:45:58 
2010-02-15 18:49:11 	User root login to the chat at  18:49:11 
2010-02-15 18:53:04 	User w4 login to the chat at  18:53:04 
2010-02-15 18:58:13 	User root22 login to the chat at  18:58:13 
2010-02-15 19:00:02 	User root22 logout from the chat at  19:00:02 
2010-02-15 19:00:06 	User root22 login to the chat at  19:00:06 
2010-02-15 19:00:46 	User root22 logout from the chat at  19:00:46 
2010-02-15 19:00:49 	User w4 logout from the chat at  19:00:49 
2010-02-15 19:00:56 	User root logout from the chat at  19:00:56 
2010-02-15 19:03:05 	User fe logout from the chat at  19:03:05 
2010-02-15 19:03:09 	User 32 login to the chat at  19:03:09 
2010-02-15 19:03:39 	Listening on host localhost port 9099. Server started at  19:03:39 
2010-02-15 19:03:45 	User bv login to the chat at  19:03:45 
2010-02-15 19:09:56 	User bv logout from the chat at  19:09:56 
2010-02-15 20:44:27 	Listening on host localhost port 9099. Server started at  20:44:27 
2010-02-15 20:44:40 	User root login to the chat at  20:44:40 
2010-02-15 20:44:56 	User root logout from the chat at  20:44:56 
2010-02-15 20:45:02 	User g login to the chat at  20:45:02 
2010-02-15 21:00:42 	User g logout from the chat at  21:00:42 
2010-02-17 02:21:22 	Listening on host localhost port 9099. Server started at  02:21:22 
2010-02-17 02:21:30 	User root login to the chat at  02:21:30 
2010-02-17 02:21:36 	User root logout from the chat at  02:21:36 
2010-02-17 02:59:58 	Listening on host localhost port 9099. Server started at  02:59:58 
2010-02-17 03:00:05 	User root login to the chat at  03:00:05 
2010-02-17 03:04:02 	Listening on host localhost port 9099. Server started at  03:04:02 
2010-02-17 03:04:10 	User root login to the chat at  03:04:10 
2010-02-17 03:07:43 	Listening on host localhost port 9099. Server started at  03:07:43 
2010-02-17 03:07:51 	User root login to the chat at  03:07:51 
2010-02-17 03:08:39 	Listening on host localhost port 9099. Server started at  03:08:39 
2010-02-17 03:08:47 	User root login to the chat at  03:08:47 
2010-02-17 03:11:41 	User err login to the chat at  03:11:41 
2010-02-17 03:37:03 	Listening on host localhost port 9099. Server started at  03:37:03 
2010-02-17 03:37:17 	User hft login to the chat at  03:37:17 
2010-02-17 03:38:40 	Listening on host localhost port 9099. Server started at  03:38:40 
2010-02-17 03:39:25 	User 5 login to the chat at  03:39:25 
2010-02-17 03:39:52 	User root login to the chat at  03:39:52 
2010-02-17 03:42:55 	Listening on host localhost port 9099. Server started at  03:42:55 
2010-02-17 03:43:03 	User root login to the chat at  03:43:03 
2010-02-17 03:47:42 	Listening on host localhost port 9099. Server started at  03:47:42 
2010-02-17 03:47:51 	User root login to the chat at  03:47:51 
2010-02-17 03:48:07 	User 3r login to the chat at  03:48:07 
2010-02-17 03:50:22 	User 3r logout from the chat at  03:50:22 
2010-02-17 03:50:27 	Listening on host localhost port 9099. Server started at  03:50:27 
2010-02-17 03:50:39 	User root login to the chat at  03:50:39 
2010-02-17 03:50:41 	User 3353 login to the chat at  03:50:41 
2010-02-17 03:51:04 	Listening on host localhost port 9099. Server started at  03:51:04 
2010-02-17 03:52:19 	User 65 login to the chat at  03:52:19 
2010-02-17 03:52:24 	User h login to the chat at  03:52:24 
2010-02-17 03:58:20 	Listening on host localhost port 9099. Server started at  03:58:20 
2010-02-17 03:58:30 	User vv login to the chat at  03:58:30 
2010-02-17 03:58:48 	User n login to the chat at  03:58:48 
2010-02-17 04:10:12 	Listening on host localhost port 9099. Server started at  04:10:12 
2010-02-17 04:10:24 	User 1 login to the chat at  04:10:24 
2010-02-17 04:10:40 	User vb login to the chat at  04:10:40 
2010-02-17 04:11:30 	Listening on host localhost port 9099. Server started at  04:11:30 
2010-02-17 04:13:39 	Listening on host localhost port 9099. Server started at  04:13:39 
2010-02-17 04:13:49 	User 123 login to the chat at  04:13:49 
2010-02-17 04:14:06 	User b login to the chat at  04:14:06 
